<?xml version="1.0" encoding="UTF-8"?>
<!-- Generated by org.testng.reporters.JUnitXMLReporter -->
<testsuite hostname="pallavicw10" ignored="0" name="Default test" tests="24" failures="0" timestamp="22 Jul 2018 06:54:24 GMT" time="0.083" errors="0">
  <testcase name="@BeforeClass TableControlRuntimeProperties" time="0.0" classname="com.magicsoftware.TestAutomation.TestCases.WebClient.RadioControl">
    <failure type="org.testng.TestNGException" message="
Parameter &amp;apos;Browser&amp;apos; is required by BeforeClass on method TableControlRuntimeProperties but has not been marked @Optional or defined
in C:\Users\pallavic\AppData\Local\Temp\testng-eclipse--641883332\testng-customsuite.xml">
      <![CDATA[org.testng.TestNGException: 
Parameter 'Browser' is required by BeforeClass on method TableControlRuntimeProperties but has not been marked @Optional or defined
in C:\Users\pallavic\AppData\Local\Temp\testng-eclipse--641883332\testng-customsuite.xml
at org.testng.internal.Parameters.createParams(Parameters.java:290)
at org.testng.internal.Parameters.createParametersForMethod(Parameters.java:359)
at org.testng.internal.Parameters.createParameters(Parameters.java:620)
at org.testng.internal.Parameters.createConfigurationParameters(Parameters.java:190)
at org.testng.internal.Invoker.invokeConfigurations(Invoker.java:209)
at org.testng.internal.Invoker.invokeConfigurations(Invoker.java:142)
at org.testng.internal.TestMethodWorker.invokeBeforeClassMethods(TestMethodWorker.java:168)
at org.testng.internal.TestMethodWorker.run(TestMethodWorker.java:105)
at org.testng.TestRunner.privateRun(TestRunner.java:648)
at org.testng.TestRunner.run(TestRunner.java:505)
at org.testng.SuiteRunner.runTest(SuiteRunner.java:455)
at org.testng.SuiteRunner.runSequentially(SuiteRunner.java:450)
at org.testng.SuiteRunner.privateRun(SuiteRunner.java:415)
at org.testng.SuiteRunner.run(SuiteRunner.java:364)
at org.testng.SuiteRunnerWorker.runSuite(SuiteRunnerWorker.java:52)
at org.testng.SuiteRunnerWorker.run(SuiteRunnerWorker.java:84)
at org.testng.TestNG.runSuitesSequentially(TestNG.java:1208)
at org.testng.TestNG.runSuitesLocally(TestNG.java:1137)
at org.testng.TestNG.runSuites(TestNG.java:1049)
at org.testng.TestNG.run(TestNG.java:1017)
at org.testng.remote.AbstractRemoteTestNG.run(AbstractRemoteTestNG.java:114)
at org.testng.remote.RemoteTestNG.initAndRun(RemoteTestNG.java:251)
at org.testng.remote.RemoteTestNG.main(RemoteTestNG.java:77)
]]>
    </failure>
  </testcase> <!-- @BeforeClass TableControlRuntimeProperties -->
  <testcase name="P1" time="0.0" classname="com.magicsoftware.TestAutomation.TestCases.WebClient.RadioControl">
    <skipped/>
  </testcase> <!-- P1 -->
  <testcase name="P2" time="0.0" classname="com.magicsoftware.TestAutomation.TestCases.WebClient.RadioControl">
    <skipped/>
  </testcase> <!-- P2 -->
  <testcase name="P3" time="0.0" classname="com.magicsoftware.TestAutomation.TestCases.WebClient.RadioControl">
    <skipped/>
  </testcase> <!-- P3 -->
  <testcase name="P4" time="0.0" classname="com.magicsoftware.TestAutomation.TestCases.WebClient.RadioControl">
    <skipped/>
  </testcase> <!-- P4 -->
  <testcase name="P5" time="0.0" classname="com.magicsoftware.TestAutomation.TestCases.WebClient.RadioControl">
    <skipped/>
  </testcase> <!-- P5 -->
  <testcase name="P6" time="0.0" classname="com.magicsoftware.TestAutomation.TestCases.WebClient.RadioControl">
    <skipped/>
  </testcase> <!-- P6 -->
  <testcase name="P7" time="0.0" classname="com.magicsoftware.TestAutomation.TestCases.WebClient.RadioControl">
    <skipped/>
  </testcase> <!-- P7 -->
  <testcase name="P8" time="0.0" classname="com.magicsoftware.TestAutomation.TestCases.WebClient.RadioControl">
    <skipped/>
  </testcase> <!-- P8 -->
  <testcase name="P9" time="0.0" classname="com.magicsoftware.TestAutomation.TestCases.WebClient.RadioControl">
    <skipped/>
  </testcase> <!-- P9 -->
  <testcase name="P10" time="0.0" classname="com.magicsoftware.TestAutomation.TestCases.WebClient.RadioControl">
    <skipped/>
  </testcase> <!-- P10 -->
  <testcase name="P11" time="0.0" classname="com.magicsoftware.TestAutomation.TestCases.WebClient.RadioControl">
    <skipped/>
  </testcase> <!-- P11 -->
  <testcase name="P12" time="0.0" classname="com.magicsoftware.TestAutomation.TestCases.WebClient.RadioControl">
    <skipped/>
  </testcase> <!-- P12 -->
  <testcase name="P14" time="0.0" classname="com.magicsoftware.TestAutomation.TestCases.WebClient.RadioControl">
    <skipped/>
  </testcase> <!-- P14 -->
  <testcase name="P15" time="0.0" classname="com.magicsoftware.TestAutomation.TestCases.WebClient.RadioControl">
    <skipped/>
  </testcase> <!-- P15 -->
  <testcase name="P16" time="0.0" classname="com.magicsoftware.TestAutomation.TestCases.WebClient.RadioControl">
    <skipped/>
  </testcase> <!-- P16 -->
  <testcase name="P17" time="0.0" classname="com.magicsoftware.TestAutomation.TestCases.WebClient.RadioControl">
    <skipped/>
  </testcase> <!-- P17 -->
  <testcase name="P18" time="0.0" classname="com.magicsoftware.TestAutomation.TestCases.WebClient.RadioControl">
    <skipped/>
  </testcase> <!-- P18 -->
  <testcase name="P19" time="0.0" classname="com.magicsoftware.TestAutomation.TestCases.WebClient.RadioControl">
    <skipped/>
  </testcase> <!-- P19 -->
  <testcase name="P20" time="0.0" classname="com.magicsoftware.TestAutomation.TestCases.WebClient.RadioControl">
    <skipped/>
  </testcase> <!-- P20 -->
  <testcase name="P21" time="0.0" classname="com.magicsoftware.TestAutomation.TestCases.WebClient.RadioControl">
    <skipped/>
  </testcase> <!-- P21 -->
  <testcase name="P22" time="0.0" classname="com.magicsoftware.TestAutomation.TestCases.WebClient.RadioControl">
    <skipped/>
  </testcase> <!-- P22 -->
  <testcase name="P23" time="0.0" classname="com.magicsoftware.TestAutomation.TestCases.WebClient.RadioControl">
    <skipped/>
  </testcase> <!-- P23 -->
  <testcase name="P24" time="0.0" classname="com.magicsoftware.TestAutomation.TestCases.WebClient.RadioControl">
    <skipped/>
  </testcase> <!-- P24 -->
  <testcase name="P25" time="0.0" classname="com.magicsoftware.TestAutomation.TestCases.WebClient.RadioControl">
    <skipped/>
  </testcase> <!-- P25 -->
</testsuite> <!-- Default test -->
