<html>
<head>
<title>TestNG:  RightsUserDataNotSentToClient</title>
<link href="../testng.css" rel="stylesheet" type="text/css" />
<link href="../my-testng.css" rel="stylesheet" type="text/css" />

<style type="text/css">
.log { display: none;} 
.stack-trace { display: none;} 
</style>
<script type="text/javascript">
<!--
function flip(e) {
  current = e.style.display;
  if (current == 'block') {
    e.style.display = 'none';
    return 0;
  }
  else {
    e.style.display = 'block';
    return 1;
  }
}

function toggleBox(szDivId, elem, msg1, msg2)
{
  var res = -1;  if (document.getElementById) {
    res = flip(document.getElementById(szDivId));
  }
  else if (document.all) {
    // this is the way old msie versions work
    res = flip(document.all[szDivId]);
  }
  if(elem) {
    if(res == 0) elem.innerHTML = msg1; else elem.innerHTML = msg2;
  }

}

function toggleAllBoxes() {
  if (document.getElementsByTagName) {
    d = document.getElementsByTagName('div');
    for (i = 0; i < d.length; i++) {
      if (d[i].className == 'log') {
        flip(d[i]);
      }
    }
  }
}

// -->
</script>

</head>
<body>
<h2 align='center'>RightsUserDataNotSentToClient</h2><table border='1' align="center">
<tr>
<td>Tests passed/Failed/Skipped:</td><td>18/6/0</td>
</tr><tr>
<td>Started on:</td><td>Thu Aug 02 17:48:45 IST 2018</td>
</tr>
<tr><td>Total time:</td><td>54 seconds (54055 ms)</td>
</tr><tr>
<td>Included groups:</td><td></td>
</tr><tr>
<td>Excluded groups:</td><td></td>
</tr>
</table><p/>
<small><i>(Hover the method name to see the test class name)</i></small><p/>
<table width='100%' border='1' class='invocation-failed'>
<tr><td colspan='4' align='center'><b>FAILED TESTS</b></td></tr>
<tr><td><b>Test method</b></td>
<td width="30%"><b>Exception</b></td>
<td width="10%"><b>Time (seconds)</b></td>
<td><b>Instance</b></td>
</tr>
<tr>
<td title='com.magicsoftware.TestAutomation.TestCases.WebClient.RadioControl.P1()'><b>P1</b><br>Test class: com.magicsoftware.TestAutomation.TestCases.WebClient.RadioControl</td>
<td><div><pre>java.lang.AssertionError: RadioControl does not display correctly expected [true] but found [false]
	at com.magicsoftware.TestAutomation.TestCases.WebClient.RadioControl.P1(RadioControl.java:77)
... Removed 28 stack frames</pre></div><a href='#' onClick='toggleBox("stack-trace1822525972", this, "Click to show all stack frames", "Click to hide stack frames")'>Click to show all stack frames</a>
<div class='stack-trace' id='stack-trace1822525972'><pre>java.lang.AssertionError: RadioControl does not display correctly expected [true] but found [false]
	at org.testng.Assert.fail(Assert.java:96)
	at org.testng.Assert.failNotEquals(Assert.java:776)
	at org.testng.Assert.assertTrue(Assert.java:44)
	at com.magicsoftware.TestAutomation.TestCases.WebClient.RadioControl.P1(RadioControl.java:77)
	at sun.reflect.NativeMethodAccessorImpl.invoke0(Native Method)
	at sun.reflect.NativeMethodAccessorImpl.invoke(Unknown Source)
	at sun.reflect.DelegatingMethodAccessorImpl.invoke(Unknown Source)
	at java.lang.reflect.Method.invoke(Unknown Source)
	at org.testng.internal.MethodInvocationHelper.invokeMethod(MethodInvocationHelper.java:124)
	at org.testng.internal.Invoker.invokeMethod(Invoker.java:580)
	at org.testng.internal.Invoker.invokeTestMethod(Invoker.java:716)
	at org.testng.internal.Invoker.invokeTestMethods(Invoker.java:988)
	at org.testng.internal.TestMethodWorker.invokeTestMethods(TestMethodWorker.java:125)
	at org.testng.internal.TestMethodWorker.run(TestMethodWorker.java:109)
	at org.testng.TestRunner.privateRun(TestRunner.java:648)
	at org.testng.TestRunner.run(TestRunner.java:505)
	at org.testng.SuiteRunner.runTest(SuiteRunner.java:455)
	at org.testng.SuiteRunner.runSequentially(SuiteRunner.java:450)
	at org.testng.SuiteRunner.privateRun(SuiteRunner.java:415)
	at org.testng.SuiteRunner.run(SuiteRunner.java:364)
	at org.testng.SuiteRunnerWorker.runSuite(SuiteRunnerWorker.java:52)
	at org.testng.SuiteRunnerWorker.run(SuiteRunnerWorker.java:84)
	at org.testng.TestNG.runSuitesSequentially(TestNG.java:1208)
	at org.testng.TestNG.runSuitesLocally(TestNG.java:1137)
	at org.testng.TestNG.runSuites(TestNG.java:1049)
	at org.testng.TestNG.run(TestNG.java:1017)
	at org.testng.remote.AbstractRemoteTestNG.run(AbstractRemoteTestNG.java:114)
	at org.testng.remote.RemoteTestNG.initAndRun(RemoteTestNG.java:251)
	at org.testng.remote.RemoteTestNG.main(RemoteTestNG.java:77)
</pre></div></td>
<td>0</td>
<td>com.magicsoftware.TestAutomation.TestCases.WebClient.RadioControl@7a3d45bd</td></tr>
<tr>
<td title='com.magicsoftware.TestAutomation.TestCases.WebClient.RadioControl.P12()'><b>P12</b><br>Test class: com.magicsoftware.TestAutomation.TestCases.WebClient.RadioControl</td>
<td><div><pre>org.openqa.selenium.NoSuchElementException: no such element: Unable to locate element: {&quot;method&quot;:&quot;css selector&quot;,&quot;selector&quot;:&quot;div[class=&apos;mat-tooltip ng-trigger ng-trigger-state&apos;]&quot;}
  (Session info: chrome=68.0.3440.84)
  (Driver info: chromedriver=2.37.544315 (730aa6a5fdba159ac9f4c1e8cbc59bf1b5ce12b7),platform=Windows NT 10.0.10586 x86_64) (WARNING: The server did not provide any stacktrace information)
Command duration or timeout: 0 milliseconds
For documentation on this error, please visit: http://seleniumhq.org/exceptions/no_such_element.html
Build info: version: &apos;3.11.0&apos;, revision: &apos;e59cfb3&apos;, time: &apos;2018-03-11T20:26:55.152Z&apos;
System info: host: &apos;RAVICW10&apos;, ip: &apos;10.9.7.140&apos;, os.name: &apos;Windows 10&apos;, os.arch: &apos;amd64&apos;, os.version: &apos;10.0&apos;, java.version: &apos;1.8.0_121&apos;
Driver info: org.openqa.selenium.chrome.ChromeDriver
Capabilities {acceptInsecureCerts: false, acceptSslCerts: false, applicationCacheEnabled: false, browserConnectionEnabled: false, browserName: chrome, chrome: {chromedriverVersion: 2.37.544315 (730aa6a5fdba15..., userDataDir: C:\Users\RAVIND~1\AppData\L...}, cssSelectorsEnabled: true, databaseEnabled: false, handlesAlerts: true, hasTouchScreen: false, javascriptEnabled: true, locationContextEnabled: true, mobileEmulationEnabled: false, nativeEvents: true, networkConnectionEnabled: false, pageLoadStrategy: normal, platform: XP, platformName: XP, rotatable: false, setWindowRect: true, takesHeapSnapshot: true, takesScreenshot: true, unexpectedAlertBehaviour: , unhandledPromptBehavior: , version: 68.0.3440.84, webStorageEnabled: true}
Session ID: a0f53fe97f5200d8cb4ffa601145380d
*** Element info: {Using=css selector, value=div[class=&apos;mat-tooltip ng-trigger ng-trigger-state&apos;]}
	at org.openqa.selenium.remote.ErrorHandler.createThrowable(ErrorHandler.java:214)
	at org.openqa.selenium.remote.ErrorHandler.throwIfResponseFailed(ErrorHandler.java:166)
	at org.openqa.selenium.remote.http.JsonHttpResponseCodec.reconstructValue(JsonHttpResponseCodec.java:40)
	at org.openqa.selenium.remote.http.AbstractHttpResponseCodec.decode(AbstractHttpResponseCodec.java:80)
	at org.openqa.selenium.remote.http.AbstractHttpResponseCodec.decode(AbstractHttpResponseCodec.java:44)
	at org.openqa.selenium.remote.HttpCommandExecutor.execute(HttpCommandExecutor.java:158)
	at org.openqa.selenium.remote.service.DriverCommandExecutor.execute(DriverCommandExecutor.java:83)
	at org.openqa.selenium.remote.RemoteWebDriver.execute(RemoteWebDriver.java:545)
	at org.openqa.selenium.remote.RemoteWebDriver.findElement(RemoteWebDriver.java:319)
	at org.openqa.selenium.remote.RemoteWebDriver.findElementByCssSelector(RemoteWebDriver.java:413)
	at org.openqa.selenium.By$ByCssSelector.findElement(By.java:430)
	at org.openqa.selenium.remote.RemoteWebDriver.findElement(RemoteWebDriver.java:311)
	at com.magicsoftware.WebAutomation.WebTest.getText(WebTest.java:3863)
	at com.magicsoftware.TestAutomation.TestCases.WebClient.RadioControl.P12(RadioControl.java:442)
... Removed 29 stack frames</pre></div><a href='#' onClick='toggleBox("stack-trace1241569743", this, "Click to show all stack frames", "Click to hide stack frames")'>Click to show all stack frames</a>
<div class='stack-trace' id='stack-trace1241569743'><pre>org.openqa.selenium.NoSuchElementException: no such element: Unable to locate element: {&quot;method&quot;:&quot;css selector&quot;,&quot;selector&quot;:&quot;div[class=&apos;mat-tooltip ng-trigger ng-trigger-state&apos;]&quot;}
  (Session info: chrome=68.0.3440.84)
  (Driver info: chromedriver=2.37.544315 (730aa6a5fdba159ac9f4c1e8cbc59bf1b5ce12b7),platform=Windows NT 10.0.10586 x86_64) (WARNING: The server did not provide any stacktrace information)
Command duration or timeout: 0 milliseconds
For documentation on this error, please visit: http://seleniumhq.org/exceptions/no_such_element.html
Build info: version: &apos;3.11.0&apos;, revision: &apos;e59cfb3&apos;, time: &apos;2018-03-11T20:26:55.152Z&apos;
System info: host: &apos;RAVICW10&apos;, ip: &apos;10.9.7.140&apos;, os.name: &apos;Windows 10&apos;, os.arch: &apos;amd64&apos;, os.version: &apos;10.0&apos;, java.version: &apos;1.8.0_121&apos;
Driver info: org.openqa.selenium.chrome.ChromeDriver
Capabilities {acceptInsecureCerts: false, acceptSslCerts: false, applicationCacheEnabled: false, browserConnectionEnabled: false, browserName: chrome, chrome: {chromedriverVersion: 2.37.544315 (730aa6a5fdba15..., userDataDir: C:\Users\RAVIND~1\AppData\L...}, cssSelectorsEnabled: true, databaseEnabled: false, handlesAlerts: true, hasTouchScreen: false, javascriptEnabled: true, locationContextEnabled: true, mobileEmulationEnabled: false, nativeEvents: true, networkConnectionEnabled: false, pageLoadStrategy: normal, platform: XP, platformName: XP, rotatable: false, setWindowRect: true, takesHeapSnapshot: true, takesScreenshot: true, unexpectedAlertBehaviour: , unhandledPromptBehavior: , version: 68.0.3440.84, webStorageEnabled: true}
Session ID: a0f53fe97f5200d8cb4ffa601145380d
*** Element info: {Using=css selector, value=div[class=&apos;mat-tooltip ng-trigger ng-trigger-state&apos;]}
	at sun.reflect.NativeConstructorAccessorImpl.newInstance0(Native Method)
	at sun.reflect.NativeConstructorAccessorImpl.newInstance(Unknown Source)
	at sun.reflect.DelegatingConstructorAccessorImpl.newInstance(Unknown Source)
	at java.lang.reflect.Constructor.newInstance(Unknown Source)
	at org.openqa.selenium.remote.ErrorHandler.createThrowable(ErrorHandler.java:214)
	at org.openqa.selenium.remote.ErrorHandler.throwIfResponseFailed(ErrorHandler.java:166)
	at org.openqa.selenium.remote.http.JsonHttpResponseCodec.reconstructValue(JsonHttpResponseCodec.java:40)
	at org.openqa.selenium.remote.http.AbstractHttpResponseCodec.decode(AbstractHttpResponseCodec.java:80)
	at org.openqa.selenium.remote.http.AbstractHttpResponseCodec.decode(AbstractHttpResponseCodec.java:44)
	at org.openqa.selenium.remote.HttpCommandExecutor.execute(HttpCommandExecutor.java:158)
	at org.openqa.selenium.remote.service.DriverCommandExecutor.execute(DriverCommandExecutor.java:83)
	at org.openqa.selenium.remote.RemoteWebDriver.execute(RemoteWebDriver.java:545)
	at org.openqa.selenium.remote.RemoteWebDriver.findElement(RemoteWebDriver.java:319)
	at org.openqa.selenium.remote.RemoteWebDriver.findElementByCssSelector(RemoteWebDriver.java:413)
	at org.openqa.selenium.By$ByCssSelector.findElement(By.java:430)
	at org.openqa.selenium.remote.RemoteWebDriver.findElement(RemoteWebDriver.java:311)
	at com.magicsoftware.WebAutomation.WebTest.getText(WebTest.java:3863)
	at com.magicsoftware.TestAutomation.TestCases.WebClient.RadioControl.P12(RadioControl.java:442)
	at sun.reflect.NativeMethodAccessorImpl.invoke0(Native Method)
	at sun.reflect.NativeMethodAccessorImpl.invoke(Unknown Source)
	at sun.reflect.DelegatingMethodAccessorImpl.invoke(Unknown Source)
	at java.lang.reflect.Method.invoke(Unknown Source)
	at org.testng.internal.MethodInvocationHelper.invokeMethod(MethodInvocationHelper.java:124)
	at org.testng.internal.Invoker.invokeMethod(Invoker.java:580)
	at org.testng.internal.Invoker.invokeTestMethod(Invoker.java:716)
	at org.testng.internal.Invoker.invokeTestMethods(Invoker.java:988)
	at org.testng.internal.TestMethodWorker.invokeTestMethods(TestMethodWorker.java:125)
	at org.testng.internal.TestMethodWorker.run(TestMethodWorker.java:109)
	at org.testng.TestRunner.privateRun(TestRunner.java:648)
	at org.testng.TestRunner.run(TestRunner.java:505)
	at org.testng.SuiteRunner.runTest(SuiteRunner.java:455)
	at org.testng.SuiteRunner.runSequentially(SuiteRunner.java:450)
	at org.testng.SuiteRunner.privateRun(SuiteRunner.java:415)
	at org.testng.SuiteRunner.run(SuiteRunner.java:364)
	at org.testng.SuiteRunnerWorker.runSuite(SuiteRunnerWorker.java:52)
	at org.testng.SuiteRunnerWorker.run(SuiteRunnerWorker.java:84)
	at org.testng.TestNG.runSuitesSequentially(TestNG.java:1208)
	at org.testng.TestNG.runSuitesLocally(TestNG.java:1137)
	at org.testng.TestNG.runSuites(TestNG.java:1049)
	at org.testng.TestNG.run(TestNG.java:1017)
	at org.testng.remote.AbstractRemoteTestNG.run(AbstractRemoteTestNG.java:114)
	at org.testng.remote.RemoteTestNG.initAndRun(RemoteTestNG.java:251)
	at org.testng.remote.RemoteTestNG.main(RemoteTestNG.java:77)
</pre></div></td>
<td>5</td>
<td>com.magicsoftware.TestAutomation.TestCases.WebClient.RadioControl@7a3d45bd</td></tr>
<tr>
<td title='com.magicsoftware.TestAutomation.TestCases.WebClient.RadioControl.P2()'><b>P2</b><br>Test class: com.magicsoftware.TestAutomation.TestCases.WebClient.RadioControl</td>
<td><div><pre>java.lang.AssertionError: Multiple RadioControls does not display correctly expected [true] but found [false]
	at com.magicsoftware.TestAutomation.TestCases.WebClient.RadioControl.P2(RadioControl.java:93)
... Removed 28 stack frames</pre></div><a href='#' onClick='toggleBox("stack-trace516537656", this, "Click to show all stack frames", "Click to hide stack frames")'>Click to show all stack frames</a>
<div class='stack-trace' id='stack-trace516537656'><pre>java.lang.AssertionError: Multiple RadioControls does not display correctly expected [true] but found [false]
	at org.testng.Assert.fail(Assert.java:96)
	at org.testng.Assert.failNotEquals(Assert.java:776)
	at org.testng.Assert.assertTrue(Assert.java:44)
	at com.magicsoftware.TestAutomation.TestCases.WebClient.RadioControl.P2(RadioControl.java:93)
	at sun.reflect.NativeMethodAccessorImpl.invoke0(Native Method)
	at sun.reflect.NativeMethodAccessorImpl.invoke(Unknown Source)
	at sun.reflect.DelegatingMethodAccessorImpl.invoke(Unknown Source)
	at java.lang.reflect.Method.invoke(Unknown Source)
	at org.testng.internal.MethodInvocationHelper.invokeMethod(MethodInvocationHelper.java:124)
	at org.testng.internal.Invoker.invokeMethod(Invoker.java:580)
	at org.testng.internal.Invoker.invokeTestMethod(Invoker.java:716)
	at org.testng.internal.Invoker.invokeTestMethods(Invoker.java:988)
	at org.testng.internal.TestMethodWorker.invokeTestMethods(TestMethodWorker.java:125)
	at org.testng.internal.TestMethodWorker.run(TestMethodWorker.java:109)
	at org.testng.TestRunner.privateRun(TestRunner.java:648)
	at org.testng.TestRunner.run(TestRunner.java:505)
	at org.testng.SuiteRunner.runTest(SuiteRunner.java:455)
	at org.testng.SuiteRunner.runSequentially(SuiteRunner.java:450)
	at org.testng.SuiteRunner.privateRun(SuiteRunner.java:415)
	at org.testng.SuiteRunner.run(SuiteRunner.java:364)
	at org.testng.SuiteRunnerWorker.runSuite(SuiteRunnerWorker.java:52)
	at org.testng.SuiteRunnerWorker.run(SuiteRunnerWorker.java:84)
	at org.testng.TestNG.runSuitesSequentially(TestNG.java:1208)
	at org.testng.TestNG.runSuitesLocally(TestNG.java:1137)
	at org.testng.TestNG.runSuites(TestNG.java:1049)
	at org.testng.TestNG.run(TestNG.java:1017)
	at org.testng.remote.AbstractRemoteTestNG.run(AbstractRemoteTestNG.java:114)
	at org.testng.remote.RemoteTestNG.initAndRun(RemoteTestNG.java:251)
	at org.testng.remote.RemoteTestNG.main(RemoteTestNG.java:77)
</pre></div></td>
<td>0</td>
<td>com.magicsoftware.TestAutomation.TestCases.WebClient.RadioControl@7a3d45bd</td></tr>
<tr>
<td title='com.magicsoftware.TestAutomation.TestCases.WebClient.RadioControl.P23()'><b>P23</b><br>Test class: com.magicsoftware.TestAutomation.TestCases.WebClient.RadioControl</td>
<td><div><pre>java.lang.AssertionError: RadioControl does not display correctly expected [true] but found [false]
	at com.magicsoftware.TestAutomation.TestCases.WebClient.RadioControl.P23(RadioControl.java:1027)
... Removed 28 stack frames</pre></div><a href='#' onClick='toggleBox("stack-trace1508038883", this, "Click to show all stack frames", "Click to hide stack frames")'>Click to show all stack frames</a>
<div class='stack-trace' id='stack-trace1508038883'><pre>java.lang.AssertionError: RadioControl does not display correctly expected [true] but found [false]
	at org.testng.Assert.fail(Assert.java:96)
	at org.testng.Assert.failNotEquals(Assert.java:776)
	at org.testng.Assert.assertTrue(Assert.java:44)
	at com.magicsoftware.TestAutomation.TestCases.WebClient.RadioControl.P23(RadioControl.java:1027)
	at sun.reflect.NativeMethodAccessorImpl.invoke0(Native Method)
	at sun.reflect.NativeMethodAccessorImpl.invoke(Unknown Source)
	at sun.reflect.DelegatingMethodAccessorImpl.invoke(Unknown Source)
	at java.lang.reflect.Method.invoke(Unknown Source)
	at org.testng.internal.MethodInvocationHelper.invokeMethod(MethodInvocationHelper.java:124)
	at org.testng.internal.Invoker.invokeMethod(Invoker.java:580)
	at org.testng.internal.Invoker.invokeTestMethod(Invoker.java:716)
	at org.testng.internal.Invoker.invokeTestMethods(Invoker.java:988)
	at org.testng.internal.TestMethodWorker.invokeTestMethods(TestMethodWorker.java:125)
	at org.testng.internal.TestMethodWorker.run(TestMethodWorker.java:109)
	at org.testng.TestRunner.privateRun(TestRunner.java:648)
	at org.testng.TestRunner.run(TestRunner.java:505)
	at org.testng.SuiteRunner.runTest(SuiteRunner.java:455)
	at org.testng.SuiteRunner.runSequentially(SuiteRunner.java:450)
	at org.testng.SuiteRunner.privateRun(SuiteRunner.java:415)
	at org.testng.SuiteRunner.run(SuiteRunner.java:364)
	at org.testng.SuiteRunnerWorker.runSuite(SuiteRunnerWorker.java:52)
	at org.testng.SuiteRunnerWorker.run(SuiteRunnerWorker.java:84)
	at org.testng.TestNG.runSuitesSequentially(TestNG.java:1208)
	at org.testng.TestNG.runSuitesLocally(TestNG.java:1137)
	at org.testng.TestNG.runSuites(TestNG.java:1049)
	at org.testng.TestNG.run(TestNG.java:1017)
	at org.testng.remote.AbstractRemoteTestNG.run(AbstractRemoteTestNG.java:114)
	at org.testng.remote.RemoteTestNG.initAndRun(RemoteTestNG.java:251)
	at org.testng.remote.RemoteTestNG.main(RemoteTestNG.java:77)
</pre></div></td>
<td>0</td>
<td>com.magicsoftware.TestAutomation.TestCases.WebClient.RadioControl@7a3d45bd</td></tr>
<tr>
<td title='com.magicsoftware.TestAutomation.TestCases.WebClient.RadioControl.P24()'><b>P24</b><br>Test class: com.magicsoftware.TestAutomation.TestCases.WebClient.RadioControl</td>
<td><div><pre>java.lang.AssertionError: RadioControl does not display correctly if placed in Subform expected [true] but found [false]
	at com.magicsoftware.TestAutomation.TestCases.WebClient.RadioControl.P24(RadioControl.java:1043)
... Removed 28 stack frames</pre></div><a href='#' onClick='toggleBox("stack-trace1107985860", this, "Click to show all stack frames", "Click to hide stack frames")'>Click to show all stack frames</a>
<div class='stack-trace' id='stack-trace1107985860'><pre>java.lang.AssertionError: RadioControl does not display correctly if placed in Subform expected [true] but found [false]
	at org.testng.Assert.fail(Assert.java:96)
	at org.testng.Assert.failNotEquals(Assert.java:776)
	at org.testng.Assert.assertTrue(Assert.java:44)
	at com.magicsoftware.TestAutomation.TestCases.WebClient.RadioControl.P24(RadioControl.java:1043)
	at sun.reflect.NativeMethodAccessorImpl.invoke0(Native Method)
	at sun.reflect.NativeMethodAccessorImpl.invoke(Unknown Source)
	at sun.reflect.DelegatingMethodAccessorImpl.invoke(Unknown Source)
	at java.lang.reflect.Method.invoke(Unknown Source)
	at org.testng.internal.MethodInvocationHelper.invokeMethod(MethodInvocationHelper.java:124)
	at org.testng.internal.Invoker.invokeMethod(Invoker.java:580)
	at org.testng.internal.Invoker.invokeTestMethod(Invoker.java:716)
	at org.testng.internal.Invoker.invokeTestMethods(Invoker.java:988)
	at org.testng.internal.TestMethodWorker.invokeTestMethods(TestMethodWorker.java:125)
	at org.testng.internal.TestMethodWorker.run(TestMethodWorker.java:109)
	at org.testng.TestRunner.privateRun(TestRunner.java:648)
	at org.testng.TestRunner.run(TestRunner.java:505)
	at org.testng.SuiteRunner.runTest(SuiteRunner.java:455)
	at org.testng.SuiteRunner.runSequentially(SuiteRunner.java:450)
	at org.testng.SuiteRunner.privateRun(SuiteRunner.java:415)
	at org.testng.SuiteRunner.run(SuiteRunner.java:364)
	at org.testng.SuiteRunnerWorker.runSuite(SuiteRunnerWorker.java:52)
	at org.testng.SuiteRunnerWorker.run(SuiteRunnerWorker.java:84)
	at org.testng.TestNG.runSuitesSequentially(TestNG.java:1208)
	at org.testng.TestNG.runSuitesLocally(TestNG.java:1137)
	at org.testng.TestNG.runSuites(TestNG.java:1049)
	at org.testng.TestNG.run(TestNG.java:1017)
	at org.testng.remote.AbstractRemoteTestNG.run(AbstractRemoteTestNG.java:114)
	at org.testng.remote.RemoteTestNG.initAndRun(RemoteTestNG.java:251)
	at org.testng.remote.RemoteTestNG.main(RemoteTestNG.java:77)
</pre></div></td>
<td>0</td>
<td>com.magicsoftware.TestAutomation.TestCases.WebClient.RadioControl@7a3d45bd</td></tr>
<tr>
<td title='com.magicsoftware.TestAutomation.TestCases.WebClient.RadioControl.P3()'><b>P3</b><br>Test class: com.magicsoftware.TestAutomation.TestCases.WebClient.RadioControl</td>
<td><div><pre>java.lang.AssertionError: Multiple RadioControls having data attached does not display correctly expected [true] but found [false]
	at com.magicsoftware.TestAutomation.TestCases.WebClient.RadioControl.P3(RadioControl.java:109)
... Removed 28 stack frames</pre></div><a href='#' onClick='toggleBox("stack-trace368342628", this, "Click to show all stack frames", "Click to hide stack frames")'>Click to show all stack frames</a>
<div class='stack-trace' id='stack-trace368342628'><pre>java.lang.AssertionError: Multiple RadioControls having data attached does not display correctly expected [true] but found [false]
	at org.testng.Assert.fail(Assert.java:96)
	at org.testng.Assert.failNotEquals(Assert.java:776)
	at org.testng.Assert.assertTrue(Assert.java:44)
	at com.magicsoftware.TestAutomation.TestCases.WebClient.RadioControl.P3(RadioControl.java:109)
	at sun.reflect.NativeMethodAccessorImpl.invoke0(Native Method)
	at sun.reflect.NativeMethodAccessorImpl.invoke(Unknown Source)
	at sun.reflect.DelegatingMethodAccessorImpl.invoke(Unknown Source)
	at java.lang.reflect.Method.invoke(Unknown Source)
	at org.testng.internal.MethodInvocationHelper.invokeMethod(MethodInvocationHelper.java:124)
	at org.testng.internal.Invoker.invokeMethod(Invoker.java:580)
	at org.testng.internal.Invoker.invokeTestMethod(Invoker.java:716)
	at org.testng.internal.Invoker.invokeTestMethods(Invoker.java:988)
	at org.testng.internal.TestMethodWorker.invokeTestMethods(TestMethodWorker.java:125)
	at org.testng.internal.TestMethodWorker.run(TestMethodWorker.java:109)
	at org.testng.TestRunner.privateRun(TestRunner.java:648)
	at org.testng.TestRunner.run(TestRunner.java:505)
	at org.testng.SuiteRunner.runTest(SuiteRunner.java:455)
	at org.testng.SuiteRunner.runSequentially(SuiteRunner.java:450)
	at org.testng.SuiteRunner.privateRun(SuiteRunner.java:415)
	at org.testng.SuiteRunner.run(SuiteRunner.java:364)
	at org.testng.SuiteRunnerWorker.runSuite(SuiteRunnerWorker.java:52)
	at org.testng.SuiteRunnerWorker.run(SuiteRunnerWorker.java:84)
	at org.testng.TestNG.runSuitesSequentially(TestNG.java:1208)
	at org.testng.TestNG.runSuitesLocally(TestNG.java:1137)
	at org.testng.TestNG.runSuites(TestNG.java:1049)
	at org.testng.TestNG.run(TestNG.java:1017)
	at org.testng.remote.AbstractRemoteTestNG.run(AbstractRemoteTestNG.java:114)
	at org.testng.remote.RemoteTestNG.initAndRun(RemoteTestNG.java:251)
	at org.testng.remote.RemoteTestNG.main(RemoteTestNG.java:77)
</pre></div></td>
<td>0</td>
<td>com.magicsoftware.TestAutomation.TestCases.WebClient.RadioControl@7a3d45bd</td></tr>
</table><p>
<table width='100%' border='1' class='invocation-passed'>
<tr><td colspan='4' align='center'><b>PASSED TESTS</b></td></tr>
<tr><td><b>Test method</b></td>
<td width="30%"><b>Exception</b></td>
<td width="10%"><b>Time (seconds)</b></td>
<td><b>Instance</b></td>
</tr>
<tr>
<td title='com.magicsoftware.TestAutomation.TestCases.WebClient.RadioControl.P10()'><b>P10</b><br>Test class: com.magicsoftware.TestAutomation.TestCases.WebClient.RadioControl</td>
<td></td>
<td>0</td>
<td>com.magicsoftware.TestAutomation.TestCases.WebClient.RadioControl@7a3d45bd</td></tr>
<tr>
<td title='com.magicsoftware.TestAutomation.TestCases.WebClient.RadioControl.P11()'><b>P11</b><br>Test class: com.magicsoftware.TestAutomation.TestCases.WebClient.RadioControl</td>
<td></td>
<td>0</td>
<td>com.magicsoftware.TestAutomation.TestCases.WebClient.RadioControl@7a3d45bd</td></tr>
<tr>
<td title='com.magicsoftware.TestAutomation.TestCases.WebClient.RadioControl.P14()'><b>P14</b><br>Test class: com.magicsoftware.TestAutomation.TestCases.WebClient.RadioControl</td>
<td></td>
<td>0</td>
<td>com.magicsoftware.TestAutomation.TestCases.WebClient.RadioControl@7a3d45bd</td></tr>
<tr>
<td title='com.magicsoftware.TestAutomation.TestCases.WebClient.RadioControl.P15()'><b>P15</b><br>Test class: com.magicsoftware.TestAutomation.TestCases.WebClient.RadioControl</td>
<td></td>
<td>0</td>
<td>com.magicsoftware.TestAutomation.TestCases.WebClient.RadioControl@7a3d45bd</td></tr>
<tr>
<td title='com.magicsoftware.TestAutomation.TestCases.WebClient.RadioControl.P16()'><b>P16</b><br>Test class: com.magicsoftware.TestAutomation.TestCases.WebClient.RadioControl</td>
<td></td>
<td>0</td>
<td>com.magicsoftware.TestAutomation.TestCases.WebClient.RadioControl@7a3d45bd</td></tr>
<tr>
<td title='com.magicsoftware.TestAutomation.TestCases.WebClient.RadioControl.P17()'><b>P17</b><br>Test class: com.magicsoftware.TestAutomation.TestCases.WebClient.RadioControl</td>
<td></td>
<td>12</td>
<td>com.magicsoftware.TestAutomation.TestCases.WebClient.RadioControl@7a3d45bd</td></tr>
<tr>
<td title='com.magicsoftware.TestAutomation.TestCases.WebClient.RadioControl.P18()'><b>P18</b><br>Test class: com.magicsoftware.TestAutomation.TestCases.WebClient.RadioControl</td>
<td></td>
<td>0</td>
<td>com.magicsoftware.TestAutomation.TestCases.WebClient.RadioControl@7a3d45bd</td></tr>
<tr>
<td title='com.magicsoftware.TestAutomation.TestCases.WebClient.RadioControl.P19()'><b>P19</b><br>Test class: com.magicsoftware.TestAutomation.TestCases.WebClient.RadioControl</td>
<td></td>
<td>0</td>
<td>com.magicsoftware.TestAutomation.TestCases.WebClient.RadioControl@7a3d45bd</td></tr>
<tr>
<td title='com.magicsoftware.TestAutomation.TestCases.WebClient.RadioControl.P20()'><b>P20</b><br>Test class: com.magicsoftware.TestAutomation.TestCases.WebClient.RadioControl</td>
<td></td>
<td>6</td>
<td>com.magicsoftware.TestAutomation.TestCases.WebClient.RadioControl@7a3d45bd</td></tr>
<tr>
<td title='com.magicsoftware.TestAutomation.TestCases.WebClient.RadioControl.P21()'><b>P21</b><br>Test class: com.magicsoftware.TestAutomation.TestCases.WebClient.RadioControl</td>
<td></td>
<td>6</td>
<td>com.magicsoftware.TestAutomation.TestCases.WebClient.RadioControl@7a3d45bd</td></tr>
<tr>
<td title='com.magicsoftware.TestAutomation.TestCases.WebClient.RadioControl.P22()'><b>P22</b><br>Test class: com.magicsoftware.TestAutomation.TestCases.WebClient.RadioControl</td>
<td></td>
<td>0</td>
<td>com.magicsoftware.TestAutomation.TestCases.WebClient.RadioControl@7a3d45bd</td></tr>
<tr>
<td title='com.magicsoftware.TestAutomation.TestCases.WebClient.RadioControl.P25()'><b>P25</b><br>Test class: com.magicsoftware.TestAutomation.TestCases.WebClient.RadioControl</td>
<td></td>
<td>6</td>
<td>com.magicsoftware.TestAutomation.TestCases.WebClient.RadioControl@7a3d45bd</td></tr>
<tr>
<td title='com.magicsoftware.TestAutomation.TestCases.WebClient.RadioControl.P4()'><b>P4</b><br>Test class: com.magicsoftware.TestAutomation.TestCases.WebClient.RadioControl</td>
<td></td>
<td>0</td>
<td>com.magicsoftware.TestAutomation.TestCases.WebClient.RadioControl@7a3d45bd</td></tr>
<tr>
<td title='com.magicsoftware.TestAutomation.TestCases.WebClient.RadioControl.P5()'><b>P5</b><br>Test class: com.magicsoftware.TestAutomation.TestCases.WebClient.RadioControl</td>
<td></td>
<td>0</td>
<td>com.magicsoftware.TestAutomation.TestCases.WebClient.RadioControl@7a3d45bd</td></tr>
<tr>
<td title='com.magicsoftware.TestAutomation.TestCases.WebClient.RadioControl.P6()'><b>P6</b><br>Test class: com.magicsoftware.TestAutomation.TestCases.WebClient.RadioControl</td>
<td></td>
<td>0</td>
<td>com.magicsoftware.TestAutomation.TestCases.WebClient.RadioControl@7a3d45bd</td></tr>
<tr>
<td title='com.magicsoftware.TestAutomation.TestCases.WebClient.RadioControl.P7()'><b>P7</b><br>Test class: com.magicsoftware.TestAutomation.TestCases.WebClient.RadioControl</td>
<td></td>
<td>0</td>
<td>com.magicsoftware.TestAutomation.TestCases.WebClient.RadioControl@7a3d45bd</td></tr>
<tr>
<td title='com.magicsoftware.TestAutomation.TestCases.WebClient.RadioControl.P8()'><b>P8</b><br>Test class: com.magicsoftware.TestAutomation.TestCases.WebClient.RadioControl</td>
<td></td>
<td>0</td>
<td>com.magicsoftware.TestAutomation.TestCases.WebClient.RadioControl@7a3d45bd</td></tr>
<tr>
<td title='com.magicsoftware.TestAutomation.TestCases.WebClient.RadioControl.P9()'><b>P9</b><br>Test class: com.magicsoftware.TestAutomation.TestCases.WebClient.RadioControl</td>
<td></td>
<td>0</td>
<td>com.magicsoftware.TestAutomation.TestCases.WebClient.RadioControl@7a3d45bd</td></tr>
</table><p>
</body>
</html>