<?xml version="1.0" encoding="UTF-8"?>
<!-- Generated by org.testng.reporters.JUnitXMLReporter -->
<testsuite hostname="ravicw10" ignored="0" name="RightsUserDataNotSentToClient" tests="24" failures="6" timestamp="02 Aug 2018 12:19:39 GMT" time="54.055" errors="0">
  <testcase name="P1" time="0.569" classname="com.magicsoftware.TestAutomation.TestCases.WebClient.RadioControl">
    <failure type="java.lang.AssertionError" message="RadioControl does not display correctly expected [true] but found [false]">
      <![CDATA[java.lang.AssertionError: RadioControl does not display correctly expected [true] but found [false]
at com.magicsoftware.TestAutomation.TestCases.WebClient.RadioControl.P1(RadioControl.java:77)
... Removed 28 stack frames]]>
    </failure>
  </testcase> <!-- P1 -->
  <testcase name="P2" time="0.549" classname="com.magicsoftware.TestAutomation.TestCases.WebClient.RadioControl">
    <failure type="java.lang.AssertionError" message="Multiple RadioControls does not display correctly expected [true] but found [false]">
      <![CDATA[java.lang.AssertionError: Multiple RadioControls does not display correctly expected [true] but found [false]
at com.magicsoftware.TestAutomation.TestCases.WebClient.RadioControl.P2(RadioControl.java:93)
... Removed 28 stack frames]]>
    </failure>
  </testcase> <!-- P2 -->
  <testcase name="P3" time="0.524" classname="com.magicsoftware.TestAutomation.TestCases.WebClient.RadioControl">
    <failure type="java.lang.AssertionError" message="Multiple RadioControls having data attached does not display correctly expected [true] but found [false]">
      <![CDATA[java.lang.AssertionError: Multiple RadioControls having data attached does not display correctly expected [true] but found [false]
at com.magicsoftware.TestAutomation.TestCases.WebClient.RadioControl.P3(RadioControl.java:109)
... Removed 28 stack frames]]>
    </failure>
  </testcase> <!-- P3 -->
  <testcase name="P4" time="0.328" classname="com.magicsoftware.TestAutomation.TestCases.WebClient.RadioControl"/>
  <testcase name="P5" time="0.365" classname="com.magicsoftware.TestAutomation.TestCases.WebClient.RadioControl"/>
  <testcase name="P6" time="0.569" classname="com.magicsoftware.TestAutomation.TestCases.WebClient.RadioControl"/>
  <testcase name="P7" time="0.358" classname="com.magicsoftware.TestAutomation.TestCases.WebClient.RadioControl"/>
  <testcase name="P8" time="0.389" classname="com.magicsoftware.TestAutomation.TestCases.WebClient.RadioControl"/>
  <testcase name="P9" time="0.379" classname="com.magicsoftware.TestAutomation.TestCases.WebClient.RadioControl"/>
  <testcase name="P10" time="0.232" classname="com.magicsoftware.TestAutomation.TestCases.WebClient.RadioControl"/>
  <testcase name="P11" time="0.187" classname="com.magicsoftware.TestAutomation.TestCases.WebClient.RadioControl"/>
  <testcase name="P12" time="5.212" classname="com.magicsoftware.TestAutomation.TestCases.WebClient.RadioControl">
    <failure type="org.openqa.selenium.NoSuchElementException" message="no such element: Unable to locate element: {&amp;quot;method&amp;quot;:&amp;quot;css selector&amp;quot;,&amp;quot;selector&amp;quot;:&amp;quot;div[class=&amp;apos;mat-tooltip ng-trigger ng-trigger-state&amp;apos;]&amp;quot;}
  (Session info: chrome=68.0.3440.84)
  (Driver info: chromedriver=2.37.544315 (730aa6a5fdba159ac9f4c1e8cbc59bf1b5ce12b7),platform=Windows NT 10.0.10586 x86_64) (WARNING: The server did not provide any stacktrace information)
Command duration or timeout: 0 milliseconds
For documentation on this error, please visit: http://seleniumhq.org/exceptions/no_such_element.html
Build info: version: &amp;apos;3.11.0&amp;apos;, revision: &amp;apos;e59cfb3&amp;apos;, time: &amp;apos;2018-03-11T20:26:55.152Z&amp;apos;
System info: host: &amp;apos;RAVICW10&amp;apos;, ip: &amp;apos;10.9.7.140&amp;apos;, os.name: &amp;apos;Windows 10&amp;apos;, os.arch: &amp;apos;amd64&amp;apos;, os.version: &amp;apos;10.0&amp;apos;, java.version: &amp;apos;1.8.0_121&amp;apos;
Driver info: org.openqa.selenium.chrome.ChromeDriver
Capabilities {acceptInsecureCerts: false, acceptSslCerts: false, applicationCacheEnabled: false, browserConnectionEnabled: false, browserName: chrome, chrome: {chromedriverVersion: 2.37.544315 (730aa6a5fdba15..., userDataDir: C:\Users\RAVIND~1\AppData\L...}, cssSelectorsEnabled: true, databaseEnabled: false, handlesAlerts: true, hasTouchScreen: false, javascriptEnabled: true, locationContextEnabled: true, mobileEmulationEnabled: false, nativeEvents: true, networkConnectionEnabled: false, pageLoadStrategy: normal, platform: XP, platformName: XP, rotatable: false, setWindowRect: true, takesHeapSnapshot: true, takesScreenshot: true, unexpectedAlertBehaviour: , unhandledPromptBehavior: , version: 68.0.3440.84, webStorageEnabled: true}
Session ID: a0f53fe97f5200d8cb4ffa601145380d
*** Element info: {Using=css selector, value=div[class=&amp;apos;mat-tooltip ng-trigger ng-trigger-state&amp;apos;]}">
      <![CDATA[org.openqa.selenium.NoSuchElementException: no such element: Unable to locate element: {"method":"css selector","selector":"div[class='mat-tooltip ng-trigger ng-trigger-state']"}
  (Session info: chrome=68.0.3440.84)
  (Driver info: chromedriver=2.37.544315 (730aa6a5fdba159ac9f4c1e8cbc59bf1b5ce12b7),platform=Windows NT 10.0.10586 x86_64) (WARNING: The server did not provide any stacktrace information)
Command duration or timeout: 0 milliseconds
For documentation on this error, please visit: http://seleniumhq.org/exceptions/no_such_element.html
Build info: version: '3.11.0', revision: 'e59cfb3', time: '2018-03-11T20:26:55.152Z'
System info: host: 'RAVICW10', ip: '10.9.7.140', os.name: 'Windows 10', os.arch: 'amd64', os.version: '10.0', java.version: '1.8.0_121'
Driver info: org.openqa.selenium.chrome.ChromeDriver
Capabilities {acceptInsecureCerts: false, acceptSslCerts: false, applicationCacheEnabled: false, browserConnectionEnabled: false, browserName: chrome, chrome: {chromedriverVersion: 2.37.544315 (730aa6a5fdba15..., userDataDir: C:\Users\RAVIND~1\AppData\L...}, cssSelectorsEnabled: true, databaseEnabled: false, handlesAlerts: true, hasTouchScreen: false, javascriptEnabled: true, locationContextEnabled: true, mobileEmulationEnabled: false, nativeEvents: true, networkConnectionEnabled: false, pageLoadStrategy: normal, platform: XP, platformName: XP, rotatable: false, setWindowRect: true, takesHeapSnapshot: true, takesScreenshot: true, unexpectedAlertBehaviour: , unhandledPromptBehavior: , version: 68.0.3440.84, webStorageEnabled: true}
Session ID: a0f53fe97f5200d8cb4ffa601145380d
*** Element info: {Using=css selector, value=div[class='mat-tooltip ng-trigger ng-trigger-state']}
at org.openqa.selenium.remote.ErrorHandler.createThrowable(ErrorHandler.java:214)
at org.openqa.selenium.remote.ErrorHandler.throwIfResponseFailed(ErrorHandler.java:166)
at org.openqa.selenium.remote.http.JsonHttpResponseCodec.reconstructValue(JsonHttpResponseCodec.java:40)
at org.openqa.selenium.remote.http.AbstractHttpResponseCodec.decode(AbstractHttpResponseCodec.java:80)
at org.openqa.selenium.remote.http.AbstractHttpResponseCodec.decode(AbstractHttpResponseCodec.java:44)
at org.openqa.selenium.remote.HttpCommandExecutor.execute(HttpCommandExecutor.java:158)
at org.openqa.selenium.remote.service.DriverCommandExecutor.execute(DriverCommandExecutor.java:83)
at org.openqa.selenium.remote.RemoteWebDriver.execute(RemoteWebDriver.java:545)
at org.openqa.selenium.remote.RemoteWebDriver.findElement(RemoteWebDriver.java:319)
at org.openqa.selenium.remote.RemoteWebDriver.findElementByCssSelector(RemoteWebDriver.java:413)
at org.openqa.selenium.By$ByCssSelector.findElement(By.java:430)
at org.openqa.selenium.remote.RemoteWebDriver.findElement(RemoteWebDriver.java:311)
at com.magicsoftware.WebAutomation.WebTest.getText(WebTest.java:3863)
at com.magicsoftware.TestAutomation.TestCases.WebClient.RadioControl.P12(RadioControl.java:442)
... Removed 29 stack frames]]>
    </failure>
  </testcase> <!-- P12 -->
  <testcase name="P14" time="0.314" classname="com.magicsoftware.TestAutomation.TestCases.WebClient.RadioControl"/>
  <testcase name="P15" time="0.326" classname="com.magicsoftware.TestAutomation.TestCases.WebClient.RadioControl"/>
  <testcase name="P16" time="0.407" classname="com.magicsoftware.TestAutomation.TestCases.WebClient.RadioControl"/>
  <testcase name="P17" time="12.631" classname="com.magicsoftware.TestAutomation.TestCases.WebClient.RadioControl"/>
  <testcase name="P18" time="0.512" classname="com.magicsoftware.TestAutomation.TestCases.WebClient.RadioControl"/>
  <testcase name="P19" time="0.671" classname="com.magicsoftware.TestAutomation.TestCases.WebClient.RadioControl"/>
  <testcase name="P20" time="6.466" classname="com.magicsoftware.TestAutomation.TestCases.WebClient.RadioControl"/>
  <testcase name="P21" time="6.396" classname="com.magicsoftware.TestAutomation.TestCases.WebClient.RadioControl"/>
  <testcase name="P22" time="0.001" classname="com.magicsoftware.TestAutomation.TestCases.WebClient.RadioControl"/>
  <testcase name="P23" time="0.597" classname="com.magicsoftware.TestAutomation.TestCases.WebClient.RadioControl">
    <failure type="java.lang.AssertionError" message="RadioControl does not display correctly expected [true] but found [false]">
      <![CDATA[java.lang.AssertionError: RadioControl does not display correctly expected [true] but found [false]
at com.magicsoftware.TestAutomation.TestCases.WebClient.RadioControl.P23(RadioControl.java:1027)
... Removed 28 stack frames]]>
    </failure>
  </testcase> <!-- P23 -->
  <testcase name="P24" time="0.532" classname="com.magicsoftware.TestAutomation.TestCases.WebClient.RadioControl">
    <failure type="java.lang.AssertionError" message="RadioControl does not display correctly if placed in Subform expected [true] but found [false]">
      <![CDATA[java.lang.AssertionError: RadioControl does not display correctly if placed in Subform expected [true] but found [false]
at com.magicsoftware.TestAutomation.TestCases.WebClient.RadioControl.P24(RadioControl.java:1043)
... Removed 28 stack frames]]>
    </failure>
  </testcase> <!-- P24 -->
  <testcase name="P25" time="6.413" classname="com.magicsoftware.TestAutomation.TestCases.WebClient.RadioControl"/>
</testsuite> <!-- RightsUserDataNotSentToClient -->
